<?xml version="1.0" encoding="UTF-8"?>
<testng-results ignored="0" total="1" passed="1" failed="0" skipped="0">
  <reporter-output>
  </reporter-output>
  <suite started-at="2022-06-07T22:07:31 IST" name="inetBankingV1" finished-at="2022-06-07T22:07:54 IST" duration-ms="22845">
    <groups>
    </groups>
    <test started-at="2022-06-07T22:07:31 IST" name="BankingAPP Test" finished-at="2022-06-07T22:07:54 IST" duration-ms="22845">
      <class name="com.inetbanking.testcases.TC_LoginTest_001">
        <test-method is-config="true" signature="setup(java.lang.String)[pri:0, instance:com.inetbanking.testcases.TC_LoginTest_001@8f4ea7c]" started-at="2022-06-07T22:07:31 IST" name="setup" finished-at="2022-06-07T22:07:50 IST" duration-ms="18856" status="PASS">
          <params>
            <param index="0">
              <value>
                <![CDATA[chrome]]>
              </value>
            </param>
          </params>
          <reporter-output>
          </reporter-output>
        </test-method> <!-- setup -->
        <test-method signature="loginTest()[pri:0, instance:com.inetbanking.testcases.TC_LoginTest_001@8f4ea7c]" started-at="2022-06-07T22:07:50 IST" name="loginTest" finished-at="2022-06-07T22:07:53 IST" duration-ms="3383" status="PASS">
          <reporter-output>
          </reporter-output>
        </test-method> <!-- loginTest -->
        <test-method is-config="true" signature="tearDown()[pri:0, instance:com.inetbanking.testcases.TC_LoginTest_001@8f4ea7c]" started-at="2022-06-07T22:07:53 IST" name="tearDown" finished-at="2022-06-07T22:07:54 IST" duration-ms="317" status="PASS">
          <reporter-output>
          </reporter-output>
        </test-method> <!-- tearDown -->
      </class> <!-- com.inetbanking.testcases.TC_LoginTest_001 -->
    </test> <!-- BankingAPP Test -->
  </suite> <!-- inetBankingV1 -->
</testng-results>
